Content-Type: text/plain; charset="utf-8"
MIME-Version: 1.0
Content-Transfer-Encoding: 8bit
Subject: Password reset on 127.0.0.1:8000
From: webmaster@localhost
To: test@test.pl
Date: Thu, 29 Apr 2021 20:23:14 -0000
Message-ID: <161972779490.6412.13901315536399160488@DESKTOP-FEU4UIA>

<!DOCTYPE html>
<html lang="en">
<head>
    <meta charset="UTF-8">
    <title>Title</title>
</head>
<body>
Ktoś prosił o zmianę hasła. Jeżeli to ty, to podążaj dalej:
:
http://127.0.0.1:8000/account/reset/OQ/alw0uq-3312ecf08a104e080a3a2394fa7aca98/
Your username, in case you've forgotten: test

</body>
</html>
-------------------------------------------------------------------------------
